[2015-10-13 12:37:51] lumen.ERROR: exception 'ReflectionException' with message 'Class App\Http\Controllers\Home\IndexController does not exist' in D:\workspace\netroby\aimbugs\vendor\illuminate\container\Container.php:736
Stack trace:
#0 D:\workspace\netroby\aimbugs\vendor\illuminate\container\Container.php(736): ReflectionClass->__construct('App\\Http\\Contro...')
#1 D:\workspace\netroby\aimbugs\vendor\illuminate\container\Container.php(626): Illuminate\Container\Container->build('App\\Http\\Contro...', Array)
#2 D:\workspace\netroby\aimbugs\vendor\laravel\lumen-framework\src\Application.php(447): Illuminate\Container\Container->make('App\\Http\\Contro...', Array)
#3 D:\workspace\netroby\aimbugs\vendor\laravel\lumen-framework\src\Application.php(1318): Laravel\Lumen\Application->make('App\\Http\\Contro...')
#4 D:\workspace\netroby\aimbugs\vendor\laravel\lumen-framework\src\Application.php(1291): Laravel\Lumen\Application->callControllerAction(Array)
#5 D:\workspace\netroby\aimbugs\vendor\laravel\lumen-framework\src\Application.php(1276): Laravel\Lumen\Application->callActionOnArrayBasedRoute(Array)
#6 D:\workspace\netroby\aimbugs\vendor\laravel\lumen-framework\src\Application.php(1195): Laravel\Lumen\Application->handleFoundRoute(Array)
#7 D:\workspace\netroby\aimbugs\vendor\laravel\lumen-framework\src\Application.php(1430): Laravel\Lumen\Application->Laravel\Lumen\{closure}()
#8 D:\workspace\netroby\aimbugs\vendor\laravel\lumen-framework\src\Application.php(1201): Laravel\Lumen\Application->sendThroughPipeline(Array, Object(Closure))
#9 D:\workspace\netroby\aimbugs\vendor\laravel\lumen-framework\src\Application.php(1141): Laravel\Lumen\Application->dispatch(NULL)
#10 D:\workspace\netroby\aimbugs\public\index.php(28): Laravel\Lumen\Application->run()
#11 D:\workspace\netroby\aimbugs\server.php(12): require_once('D:\\workspace\\ne...')
#12 {main}  
[2015-10-13 12:37:52] lumen.ERROR: exception 'ReflectionException' with message 'Class App\Http\Controllers\Home\IndexController does not exist' in D:\workspace\netroby\aimbugs\vendor\illuminate\container\Container.php:736
Stack trace:
#0 D:\workspace\netroby\aimbugs\vendor\illuminate\container\Container.php(736): ReflectionClass->__construct('App\\Http\\Contro...')
#1 D:\workspace\netroby\aimbugs\vendor\illuminate\container\Container.php(626): Illuminate\Container\Container->build('App\\Http\\Contro...', Array)
#2 D:\workspace\netroby\aimbugs\vendor\laravel\lumen-framework\src\Application.php(447): Illuminate\Container\Container->make('App\\Http\\Contro...', Array)
#3 D:\workspace\netroby\aimbugs\vendor\laravel\lumen-framework\src\Application.php(1318): Laravel\Lumen\Application->make('App\\Http\\Contro...')
#4 D:\workspace\netroby\aimbugs\vendor\laravel\lumen-framework\src\Application.php(1291): Laravel\Lumen\Application->callControllerAction(Array)
#5 D:\workspace\netroby\aimbugs\vendor\laravel\lumen-framework\src\Application.php(1276): Laravel\Lumen\Application->callActionOnArrayBasedRoute(Array)
#6 D:\workspace\netroby\aimbugs\vendor\laravel\lumen-framework\src\Application.php(1195): Laravel\Lumen\Application->handleFoundRoute(Array)
#7 D:\workspace\netroby\aimbugs\vendor\laravel\lumen-framework\src\Application.php(1430): Laravel\Lumen\Application->Laravel\Lumen\{closure}()
#8 D:\workspace\netroby\aimbugs\vendor\laravel\lumen-framework\src\Application.php(1201): Laravel\Lumen\Application->sendThroughPipeline(Array, Object(Closure))
#9 D:\workspace\netroby\aimbugs\vendor\laravel\lumen-framework\src\Application.php(1141): Laravel\Lumen\Application->dispatch(NULL)
#10 D:\workspace\netroby\aimbugs\public\index.php(28): Laravel\Lumen\Application->run()
#11 D:\workspace\netroby\aimbugs\server.php(12): require_once('D:\\workspace\\ne...')
#12 {main}  
[2015-10-13 12:37:53] lumen.ERROR: exception 'ReflectionException' with message 'Class App\Http\Controllers\Home\IndexController does not exist' in D:\workspace\netroby\aimbugs\vendor\illuminate\container\Container.php:736
Stack trace:
#0 D:\workspace\netroby\aimbugs\vendor\illuminate\container\Container.php(736): ReflectionClass->__construct('App\\Http\\Contro...')
#1 D:\workspace\netroby\aimbugs\vendor\illuminate\container\Container.php(626): Illuminate\Container\Container->build('App\\Http\\Contro...', Array)
#2 D:\workspace\netroby\aimbugs\vendor\laravel\lumen-framework\src\Application.php(447): Illuminate\Container\Container->make('App\\Http\\Contro...', Array)
#3 D:\workspace\netroby\aimbugs\vendor\laravel\lumen-framework\src\Application.php(1318): Laravel\Lumen\Application->make('App\\Http\\Contro...')
#4 D:\workspace\netroby\aimbugs\vendor\laravel\lumen-framework\src\Application.php(1291): Laravel\Lumen\Application->callControllerAction(Array)
#5 D:\workspace\netroby\aimbugs\vendor\laravel\lumen-framework\src\Application.php(1276): Laravel\Lumen\Application->callActionOnArrayBasedRoute(Array)
#6 D:\workspace\netroby\aimbugs\vendor\laravel\lumen-framework\src\Application.php(1195): Laravel\Lumen\Application->handleFoundRoute(Array)
#7 D:\workspace\netroby\aimbugs\vendor\laravel\lumen-framework\src\Application.php(1430): Laravel\Lumen\Application->Laravel\Lumen\{closure}()
#8 D:\workspace\netroby\aimbugs\vendor\laravel\lumen-framework\src\Application.php(1201): Laravel\Lumen\Application->sendThroughPipeline(Array, Object(Closure))
#9 D:\workspace\netroby\aimbugs\vendor\laravel\lumen-framework\src\Application.php(1141): Laravel\Lumen\Application->dispatch(NULL)
#10 D:\workspace\netroby\aimbugs\public\index.php(28): Laravel\Lumen\Application->run()
#11 D:\workspace\netroby\aimbugs\server.php(12): require_once('D:\\workspace\\ne...')
#12 {main}  
[2015-10-13 12:37:53] lumen.ERROR: exception 'ReflectionException' with message 'Class App\Http\Controllers\Home\IndexController does not exist' in D:\workspace\netroby\aimbugs\vendor\illuminate\container\Container.php:736
Stack trace:
#0 D:\workspace\netroby\aimbugs\vendor\illuminate\container\Container.php(736): ReflectionClass->__construct('App\\Http\\Contro...')
#1 D:\workspace\netroby\aimbugs\vendor\illuminate\container\Container.php(626): Illuminate\Container\Container->build('App\\Http\\Contro...', Array)
#2 D:\workspace\netroby\aimbugs\vendor\laravel\lumen-framework\src\Application.php(447): Illuminate\Container\Container->make('App\\Http\\Contro...', Array)
#3 D:\workspace\netroby\aimbugs\vendor\laravel\lumen-framework\src\Application.php(1318): Laravel\Lumen\Application->make('App\\Http\\Contro...')
#4 D:\workspace\netroby\aimbugs\vendor\laravel\lumen-framework\src\Application.php(1291): Laravel\Lumen\Application->callControllerAction(Array)
#5 D:\workspace\netroby\aimbugs\vendor\laravel\lumen-framework\src\Application.php(1276): Laravel\Lumen\Application->callActionOnArrayBasedRoute(Array)
#6 D:\workspace\netroby\aimbugs\vendor\laravel\lumen-framework\src\Application.php(1195): Laravel\Lumen\Application->handleFoundRoute(Array)
#7 D:\workspace\netroby\aimbugs\vendor\laravel\lumen-framework\src\Application.php(1430): Laravel\Lumen\Application->Laravel\Lumen\{closure}()
#8 D:\workspace\netroby\aimbugs\vendor\laravel\lumen-framework\src\Application.php(1201): Laravel\Lumen\Application->sendThroughPipeline(Array, Object(Closure))
#9 D:\workspace\netroby\aimbugs\vendor\laravel\lumen-framework\src\Application.php(1141): Laravel\Lumen\Application->dispatch(NULL)
#10 D:\workspace\netroby\aimbugs\public\index.php(28): Laravel\Lumen\Application->run()
#11 D:\workspace\netroby\aimbugs\server.php(12): require_once('D:\\workspace\\ne...')
#12 {main}  
[2015-10-13 12:38:09] lumen.ERROR: exception 'ReflectionException' with message 'Class App\Http\Controllers\Home\IndexController does not exist' in D:\workspace\netroby\aimbugs\vendor\illuminate\container\Container.php:736
Stack trace:
#0 D:\workspace\netroby\aimbugs\vendor\illuminate\container\Container.php(736): ReflectionClass->__construct('App\\Http\\Contro...')
#1 D:\workspace\netroby\aimbugs\vendor\illuminate\container\Container.php(626): Illuminate\Container\Container->build('App\\Http\\Contro...', Array)
#2 D:\workspace\netroby\aimbugs\vendor\laravel\lumen-framework\src\Application.php(447): Illuminate\Container\Container->make('App\\Http\\Contro...', Array)
#3 D:\workspace\netroby\aimbugs\vendor\laravel\lumen-framework\src\Application.php(1318): Laravel\Lumen\Application->make('App\\Http\\Contro...')
#4 D:\workspace\netroby\aimbugs\vendor\laravel\lumen-framework\src\Application.php(1291): Laravel\Lumen\Application->callControllerAction(Array)
#5 D:\workspace\netroby\aimbugs\vendor\laravel\lumen-framework\src\Application.php(1276): Laravel\Lumen\Application->callActionOnArrayBasedRoute(Array)
#6 D:\workspace\netroby\aimbugs\vendor\laravel\lumen-framework\src\Application.php(1195): Laravel\Lumen\Application->handleFoundRoute(Array)
#7 D:\workspace\netroby\aimbugs\vendor\laravel\lumen-framework\src\Application.php(1430): Laravel\Lumen\Application->Laravel\Lumen\{closure}()
#8 D:\workspace\netroby\aimbugs\vendor\laravel\lumen-framework\src\Application.php(1201): Laravel\Lumen\Application->sendThroughPipeline(Array, Object(Closure))
#9 D:\workspace\netroby\aimbugs\vendor\laravel\lumen-framework\src\Application.php(1141): Laravel\Lumen\Application->dispatch(NULL)
#10 D:\workspace\netroby\aimbugs\public\index.php(28): Laravel\Lumen\Application->run()
#11 D:\workspace\netroby\aimbugs\server.php(12): require_once('D:\\workspace\\ne...')
#12 {main}  
[2015-10-13 12:38:10] lumen.ERROR: exception 'ReflectionException' with message 'Class App\Http\Controllers\Home\IndexController does not exist' in D:\workspace\netroby\aimbugs\vendor\illuminate\container\Container.php:736
Stack trace:
#0 D:\workspace\netroby\aimbugs\vendor\illuminate\container\Container.php(736): ReflectionClass->__construct('App\\Http\\Contro...')
#1 D:\workspace\netroby\aimbugs\vendor\illuminate\container\Container.php(626): Illuminate\Container\Container->build('App\\Http\\Contro...', Array)
#2 D:\workspace\netroby\aimbugs\vendor\laravel\lumen-framework\src\Application.php(447): Illuminate\Container\Container->make('App\\Http\\Contro...', Array)
#3 D:\workspace\netroby\aimbugs\vendor\laravel\lumen-framework\src\Application.php(1318): Laravel\Lumen\Application->make('App\\Http\\Contro...')
#4 D:\workspace\netroby\aimbugs\vendor\laravel\lumen-framework\src\Application.php(1291): Laravel\Lumen\Application->callControllerAction(Array)
#5 D:\workspace\netroby\aimbugs\vendor\laravel\lumen-framework\src\Application.php(1276): Laravel\Lumen\Application->callActionOnArrayBasedRoute(Array)
#6 D:\workspace\netroby\aimbugs\vendor\laravel\lumen-framework\src\Application.php(1195): Laravel\Lumen\Application->handleFoundRoute(Array)
#7 D:\workspace\netroby\aimbugs\vendor\laravel\lumen-framework\src\Application.php(1430): Laravel\Lumen\Application->Laravel\Lumen\{closure}()
#8 D:\workspace\netroby\aimbugs\vendor\laravel\lumen-framework\src\Application.php(1201): Laravel\Lumen\Application->sendThroughPipeline(Array, Object(Closure))
#9 D:\workspace\netroby\aimbugs\vendor\laravel\lumen-framework\src\Application.php(1141): Laravel\Lumen\Application->dispatch(NULL)
#10 D:\workspace\netroby\aimbugs\public\index.php(28): Laravel\Lumen\Application->run()
#11 D:\workspace\netroby\aimbugs\server.php(12): require_once('D:\\workspace\\ne...')
#12 {main}  
[2015-10-13 12:38:11] lumen.ERROR: exception 'ReflectionException' with message 'Class App\Http\Controllers\Home\IndexController does not exist' in D:\workspace\netroby\aimbugs\vendor\illuminate\container\Container.php:736
Stack trace:
#0 D:\workspace\netroby\aimbugs\vendor\illuminate\container\Container.php(736): ReflectionClass->__construct('App\\Http\\Contro...')
#1 D:\workspace\netroby\aimbugs\vendor\illuminate\container\Container.php(626): Illuminate\Container\Container->build('App\\Http\\Contro...', Array)
#2 D:\workspace\netroby\aimbugs\vendor\laravel\lumen-framework\src\Application.php(447): Illuminate\Container\Container->make('App\\Http\\Contro...', Array)
#3 D:\workspace\netroby\aimbugs\vendor\laravel\lumen-framework\src\Application.php(1318): Laravel\Lumen\Application->make('App\\Http\\Contro...')
#4 D:\workspace\netroby\aimbugs\vendor\laravel\lumen-framework\src\Application.php(1291): Laravel\Lumen\Application->callControllerAction(Array)
#5 D:\workspace\netroby\aimbugs\vendor\laravel\lumen-framework\src\Application.php(1276): Laravel\Lumen\Application->callActionOnArrayBasedRoute(Array)
#6 D:\workspace\netroby\aimbugs\vendor\laravel\lumen-framework\src\Application.php(1195): Laravel\Lumen\Application->handleFoundRoute(Array)
#7 D:\workspace\netroby\aimbugs\vendor\laravel\lumen-framework\src\Application.php(1430): Laravel\Lumen\Application->Laravel\Lumen\{closure}()
#8 D:\workspace\netroby\aimbugs\vendor\laravel\lumen-framework\src\Application.php(1201): Laravel\Lumen\Application->sendThroughPipeline(Array, Object(Closure))
#9 D:\workspace\netroby\aimbugs\vendor\laravel\lumen-framework\src\Application.php(1141): Laravel\Lumen\Application->dispatch(NULL)
#10 D:\workspace\netroby\aimbugs\public\index.php(28): Laravel\Lumen\Application->run()
#11 D:\workspace\netroby\aimbugs\server.php(12): require_once('D:\\workspace\\ne...')
#12 {main}  
[2015-10-13 12:38:11] lumen.ERROR: exception 'ReflectionException' with message 'Class App\Http\Controllers\Home\IndexController does not exist' in D:\workspace\netroby\aimbugs\vendor\illuminate\container\Container.php:736
Stack trace:
#0 D:\workspace\netroby\aimbugs\vendor\illuminate\container\Container.php(736): ReflectionClass->__construct('App\\Http\\Contro...')
#1 D:\workspace\netroby\aimbugs\vendor\illuminate\container\Container.php(626): Illuminate\Container\Container->build('App\\Http\\Contro...', Array)
#2 D:\workspace\netroby\aimbugs\vendor\laravel\lumen-framework\src\Application.php(447): Illuminate\Container\Container->make('App\\Http\\Contro...', Array)
#3 D:\workspace\netroby\aimbugs\vendor\laravel\lumen-framework\src\Application.php(1318): Laravel\Lumen\Application->make('App\\Http\\Contro...')
#4 D:\workspace\netroby\aimbugs\vendor\laravel\lumen-framework\src\Application.php(1291): Laravel\Lumen\Application->callControllerAction(Array)
#5 D:\workspace\netroby\aimbugs\vendor\laravel\lumen-framework\src\Application.php(1276): Laravel\Lumen\Application->callActionOnArrayBasedRoute(Array)
#6 D:\workspace\netroby\aimbugs\vendor\laravel\lumen-framework\src\Application.php(1195): Laravel\Lumen\Application->handleFoundRoute(Array)
#7 D:\workspace\netroby\aimbugs\vendor\laravel\lumen-framework\src\Application.php(1430): Laravel\Lumen\Application->Laravel\Lumen\{closure}()
#8 D:\workspace\netroby\aimbugs\vendor\laravel\lumen-framework\src\Application.php(1201): Laravel\Lumen\Application->sendThroughPipeline(Array, Object(Closure))
#9 D:\workspace\netroby\aimbugs\vendor\laravel\lumen-framework\src\Application.php(1141): Laravel\Lumen\Application->dispatch(NULL)
#10 D:\workspace\netroby\aimbugs\public\index.php(28): Laravel\Lumen\Application->run()
#11 D:\workspace\netroby\aimbugs\server.php(12): require_once('D:\\workspace\\ne...')
#12 {main}  
